<?xml version="1.0" encoding="UTF-8"?>
<testng-results total="1" passed="1" failed="0" skipped="0">
  <reporter-output>
  </reporter-output>
  <suite started-at="2022-09-29T05:22:14Z" name="Default suite" finished-at="2022-09-29T05:22:26Z" duration-ms="11974">
    <groups>
      <group name="cucumber">
        <method signature="AbstractTestNGCucumberTests.runScenario(io.cucumber.testng.PickleWrapper, io.cucumber.testng.FeatureWrapper)[pri:0, instance:runner.TestRunner@36b4091c]" name="runScenario" class="io.cucumber.testng.AbstractTestNGCucumberTests"/>
      </group> <!-- cucumber -->
    </groups>
    <test started-at="2022-09-29T05:22:14Z" name="Default test" finished-at="2022-09-29T05:22:26Z" duration-ms="11974">
      <class name="runner.TestRunner">
        <test-method is-config="true" signature="setUpClass()[pri:0, instance:runner.TestRunner@36b4091c]" started-at="2022-09-28T22:22:14Z" name="setUpClass" finished-at="2022-09-28T22:22:15Z" duration-ms="788" status="PASS">
          <reporter-output>
          </reporter-output>
        </test-method> <!-- setUpClass -->
        <test-method signature="runScenario(io.cucumber.testng.PickleWrapper, io.cucumber.testng.FeatureWrapper)[pri:0, instance:runner.TestRunner@36b4091c]" started-at="2022-09-28T22:22:15Z" name="runScenario" description="Runs Cucumber Scenarios" data-provider="scenarios" finished-at="2022-09-28T22:22:24Z" duration-ms="9262" status="PASS">
          <params>
            <param index="0">
              <value>
                <![CDATA["Trying to search Selenium Interview Questions in Google"]]>
              </value>
            </param>
            <param index="1">
              <value>
                <![CDATA["Optional[Trying to Search something in Google]"]]>
              </value>
            </param>
          </params>
          <reporter-output>
          </reporter-output>
        </test-method> <!-- runScenario -->
        <test-method is-config="true" signature="tearDownClass()[pri:0, instance:runner.TestRunner@36b4091c]" started-at="2022-09-28T22:22:24Z" name="tearDownClass" finished-at="2022-09-28T22:22:26Z" duration-ms="1898" status="PASS">
          <reporter-output>
          </reporter-output>
        </test-method> <!-- tearDownClass -->
      </class> <!-- runner.TestRunner -->
    </test> <!-- Default test -->
  </suite> <!-- Default suite -->
</testng-results>
